<?xml version="1.0" encoding="UTF-8"?>
<!-- Generated by org.testng.reporters.JUnitReportReporter -->
<testsuite skipped="0" hostname="VandanMishra" name="fourth.fourth.First" tests="1" failures="0" timestamp="2020-06-02T19:29:26 PDT" time="0.007" errors="0">
  <testcase name="first" time="0.007" classname="fourth.fourth.First"/>
  <system-out/>
</testsuite> <!-- fourth.fourth.First -->
